2014/01/10 17:34:59 [error] [exception.CHttpException.404] exception 'CHttpException' with message 'Unable to resolve the request "custome".' in /opt/lampp/htdocs/yii/framework/web/CWebApplication.php:286
Stack trace:
#0 /opt/lampp/htdocs/yii/framework/web/CWebApplication.php(141): CWebApplication->runController('custome')
#1 /opt/lampp/htdocs/yii/framework/base/CApplication.php(180): CWebApplication->processRequest()
#2 /opt/lampp/htdocs/yiiapp/index.php(13): CApplication->run()
#3 {main}
REQUEST_URI=/index.php/custome
---
2014/01/10 18:06:26 [error] [exception.CException] exception 'CException' with message 'Property "CActiveDataProvider.firstname" is not defined.' in /opt/lampp/htdocs/yii/framework/base/CComponent.php:130
Stack trace:
#0 /opt/lampp/htdocs/yiiapp/protected/controllers/CustomerController.php(9): CComponent->__get('firstname')
#1 /opt/lampp/htdocs/yii/framework/web/actions/CInlineAction.php(49): CustomerController->actionIndex()
#2 /opt/lampp/htdocs/yii/framework/web/CController.php(308): CInlineAction->runWithParams(Array)
#3 /opt/lampp/htdocs/yii/framework/web/CController.php(286): CController->runAction(Object(CInlineAction))
#4 /opt/lampp/htdocs/yii/framework/web/CController.php(265): CController->runActionWithFilters(Object(CInlineAction), Array)
#5 /opt/lampp/htdocs/yii/framework/web/CWebApplication.php(282): CController->run('')
#6 /opt/lampp/htdocs/yii/framework/web/CWebApplication.php(141): CWebApplication->runController('customer')
#7 /opt/lampp/htdocs/yii/framework/base/CApplication.php(180): CWebApplication->processRequest()
#8 /opt/lampp/htdocs/yiiapp/index.php(13): CApplication->run()
#9 {main}
REQUEST_URI=/index.php/customer
---
2014/01/10 18:07:02 [error] [exception.CException] exception 'CException' with message 'Property "CActiveDataProvider.firstname" is not defined.' in /opt/lampp/htdocs/yii/framework/base/CComponent.php:130
Stack trace:
#0 /opt/lampp/htdocs/yiiapp/protected/controllers/CustomerController.php(9): CComponent->__get('firstname')
#1 /opt/lampp/htdocs/yii/framework/web/actions/CInlineAction.php(49): CustomerController->actionIndex()
#2 /opt/lampp/htdocs/yii/framework/web/CController.php(308): CInlineAction->runWithParams(Array)
#3 /opt/lampp/htdocs/yii/framework/web/CController.php(286): CController->runAction(Object(CInlineAction))
#4 /opt/lampp/htdocs/yii/framework/web/CController.php(265): CController->runActionWithFilters(Object(CInlineAction), Array)
#5 /opt/lampp/htdocs/yii/framework/web/CWebApplication.php(282): CController->run('')
#6 /opt/lampp/htdocs/yii/framework/web/CWebApplication.php(141): CWebApplication->runController('customer')
#7 /opt/lampp/htdocs/yii/framework/base/CApplication.php(180): CWebApplication->processRequest()
#8 /opt/lampp/htdocs/yiiapp/index.php(13): CApplication->run()
#9 {main}
REQUEST_URI=/index.php/customer
---
2014/01/10 18:07:03 [error] [exception.CException] exception 'CException' with message 'Property "CActiveDataProvider.firstname" is not defined.' in /opt/lampp/htdocs/yii/framework/base/CComponent.php:130
Stack trace:
#0 /opt/lampp/htdocs/yiiapp/protected/controllers/CustomerController.php(9): CComponent->__get('firstname')
#1 /opt/lampp/htdocs/yii/framework/web/actions/CInlineAction.php(49): CustomerController->actionIndex()
#2 /opt/lampp/htdocs/yii/framework/web/CController.php(308): CInlineAction->runWithParams(Array)
#3 /opt/lampp/htdocs/yii/framework/web/CController.php(286): CController->runAction(Object(CInlineAction))
#4 /opt/lampp/htdocs/yii/framework/web/CController.php(265): CController->runActionWithFilters(Object(CInlineAction), Array)
#5 /opt/lampp/htdocs/yii/framework/web/CWebApplication.php(282): CController->run('')
#6 /opt/lampp/htdocs/yii/framework/web/CWebApplication.php(141): CWebApplication->runController('customer')
#7 /opt/lampp/htdocs/yii/framework/base/CApplication.php(180): CWebApplication->processRequest()
#8 /opt/lampp/htdocs/yiiapp/index.php(13): CApplication->run()
#9 {main}
REQUEST_URI=/index.php/customer
---
2014/01/10 18:07:03 [error] [exception.CException] exception 'CException' with message 'Property "CActiveDataProvider.firstname" is not defined.' in /opt/lampp/htdocs/yii/framework/base/CComponent.php:130
Stack trace:
#0 /opt/lampp/htdocs/yiiapp/protected/controllers/CustomerController.php(9): CComponent->__get('firstname')
#1 /opt/lampp/htdocs/yii/framework/web/actions/CInlineAction.php(49): CustomerController->actionIndex()
#2 /opt/lampp/htdocs/yii/framework/web/CController.php(308): CInlineAction->runWithParams(Array)
#3 /opt/lampp/htdocs/yii/framework/web/CController.php(286): CController->runAction(Object(CInlineAction))
#4 /opt/lampp/htdocs/yii/framework/web/CController.php(265): CController->runActionWithFilters(Object(CInlineAction), Array)
#5 /opt/lampp/htdocs/yii/framework/web/CWebApplication.php(282): CController->run('')
#6 /opt/lampp/htdocs/yii/framework/web/CWebApplication.php(141): CWebApplication->runController('customer')
#7 /opt/lampp/htdocs/yii/framework/base/CApplication.php(180): CWebApplication->processRequest()
#8 /opt/lampp/htdocs/yiiapp/index.php(13): CApplication->run()
#9 {main}
REQUEST_URI=/index.php/customer
---
2014/01/10 18:08:51 [error] [exception.CException] exception 'CException' with message 'Property "CActiveDataProvider.firstname" is not defined.' in /opt/lampp/htdocs/yii/framework/base/CComponent.php:130
Stack trace:
#0 /opt/lampp/htdocs/yiiapp/protected/controllers/CustomerController.php(9): CComponent->__get('firstname')
#1 /opt/lampp/htdocs/yii/framework/web/actions/CInlineAction.php(49): CustomerController->actionIndex()
#2 /opt/lampp/htdocs/yii/framework/web/CController.php(308): CInlineAction->runWithParams(Array)
#3 /opt/lampp/htdocs/yii/framework/web/CController.php(286): CController->runAction(Object(CInlineAction))
#4 /opt/lampp/htdocs/yii/framework/web/CController.php(265): CController->runActionWithFilters(Object(CInlineAction), Array)
#5 /opt/lampp/htdocs/yii/framework/web/CWebApplication.php(282): CController->run('')
#6 /opt/lampp/htdocs/yii/framework/web/CWebApplication.php(141): CWebApplication->runController('customer')
#7 /opt/lampp/htdocs/yii/framework/base/CApplication.php(180): CWebApplication->processRequest()
#8 /opt/lampp/htdocs/yiiapp/index.php(13): CApplication->run()
#9 {main}
REQUEST_URI=/index.php/customer
---
2014/01/10 18:08:52 [error] [exception.CException] exception 'CException' with message 'Property "CActiveDataProvider.firstname" is not defined.' in /opt/lampp/htdocs/yii/framework/base/CComponent.php:130
Stack trace:
#0 /opt/lampp/htdocs/yiiapp/protected/controllers/CustomerController.php(9): CComponent->__get('firstname')
#1 /opt/lampp/htdocs/yii/framework/web/actions/CInlineAction.php(49): CustomerController->actionIndex()
#2 /opt/lampp/htdocs/yii/framework/web/CController.php(308): CInlineAction->runWithParams(Array)
#3 /opt/lampp/htdocs/yii/framework/web/CController.php(286): CController->runAction(Object(CInlineAction))
#4 /opt/lampp/htdocs/yii/framework/web/CController.php(265): CController->runActionWithFilters(Object(CInlineAction), Array)
#5 /opt/lampp/htdocs/yii/framework/web/CWebApplication.php(282): CController->run('')
#6 /opt/lampp/htdocs/yii/framework/web/CWebApplication.php(141): CWebApplication->runController('customer')
#7 /opt/lampp/htdocs/yii/framework/base/CApplication.php(180): CWebApplication->processRequest()
#8 /opt/lampp/htdocs/yiiapp/index.php(13): CApplication->run()
#9 {main}
REQUEST_URI=/index.php/customer
---
2014/01/10 18:08:52 [error] [exception.CException] exception 'CException' with message 'Property "CActiveDataProvider.firstname" is not defined.' in /opt/lampp/htdocs/yii/framework/base/CComponent.php:130
Stack trace:
#0 /opt/lampp/htdocs/yiiapp/protected/controllers/CustomerController.php(9): CComponent->__get('firstname')
#1 /opt/lampp/htdocs/yii/framework/web/actions/CInlineAction.php(49): CustomerController->actionIndex()
#2 /opt/lampp/htdocs/yii/framework/web/CController.php(308): CInlineAction->runWithParams(Array)
#3 /opt/lampp/htdocs/yii/framework/web/CController.php(286): CController->runAction(Object(CInlineAction))
#4 /opt/lampp/htdocs/yii/framework/web/CController.php(265): CController->runActionWithFilters(Object(CInlineAction), Array)
#5 /opt/lampp/htdocs/yii/framework/web/CWebApplication.php(282): CController->run('')
#6 /opt/lampp/htdocs/yii/framework/web/CWebApplication.php(141): CWebApplication->runController('customer')
#7 /opt/lampp/htdocs/yii/framework/base/CApplication.php(180): CWebApplication->processRequest()
#8 /opt/lampp/htdocs/yiiapp/index.php(13): CApplication->run()
#9 {main}
REQUEST_URI=/index.php/customer
---
2014/01/10 18:08:52 [error] [exception.CException] exception 'CException' with message 'Property "CActiveDataProvider.firstname" is not defined.' in /opt/lampp/htdocs/yii/framework/base/CComponent.php:130
Stack trace:
#0 /opt/lampp/htdocs/yiiapp/protected/controllers/CustomerController.php(9): CComponent->__get('firstname')
#1 /opt/lampp/htdocs/yii/framework/web/actions/CInlineAction.php(49): CustomerController->actionIndex()
#2 /opt/lampp/htdocs/yii/framework/web/CController.php(308): CInlineAction->runWithParams(Array)
#3 /opt/lampp/htdocs/yii/framework/web/CController.php(286): CController->runAction(Object(CInlineAction))
#4 /opt/lampp/htdocs/yii/framework/web/CController.php(265): CController->runActionWithFilters(Object(CInlineAction), Array)
#5 /opt/lampp/htdocs/yii/framework/web/CWebApplication.php(282): CController->run('')
#6 /opt/lampp/htdocs/yii/framework/web/CWebApplication.php(141): CWebApplication->runController('customer')
#7 /opt/lampp/htdocs/yii/framework/base/CApplication.php(180): CWebApplication->processRequest()
#8 /opt/lampp/htdocs/yiiapp/index.php(13): CApplication->run()
#9 {main}
REQUEST_URI=/index.php/customer
---
2014/01/10 18:09:22 [error] [exception.CException] exception 'CException' with message 'Property "CActiveDataProvider.firstname" is not defined.' in /opt/lampp/htdocs/yii/framework/base/CComponent.php:130
Stack trace:
#0 /opt/lampp/htdocs/yiiapp/protected/controllers/CustomerController.php(9): CComponent->__get('firstname')
#1 /opt/lampp/htdocs/yii/framework/web/actions/CInlineAction.php(49): CustomerController->actionIndex()
#2 /opt/lampp/htdocs/yii/framework/web/CController.php(308): CInlineAction->runWithParams(Array)
#3 /opt/lampp/htdocs/yii/framework/web/CController.php(286): CController->runAction(Object(CInlineAction))
#4 /opt/lampp/htdocs/yii/framework/web/CController.php(265): CController->runActionWithFilters(Object(CInlineAction), Array)
#5 /opt/lampp/htdocs/yii/framework/web/CWebApplication.php(282): CController->run('')
#6 /opt/lampp/htdocs/yii/framework/web/CWebApplication.php(141): CWebApplication->runController('customer')
#7 /opt/lampp/htdocs/yii/framework/base/CApplication.php(180): CWebApplication->processRequest()
#8 /opt/lampp/htdocs/yiiapp/index.php(13): CApplication->run()
#9 {main}
REQUEST_URI=/index.php/customer
---
2014/01/10 18:09:22 [error] [exception.CException] exception 'CException' with message 'Property "CActiveDataProvider.firstname" is not defined.' in /opt/lampp/htdocs/yii/framework/base/CComponent.php:130
Stack trace:
#0 /opt/lampp/htdocs/yiiapp/protected/controllers/CustomerController.php(9): CComponent->__get('firstname')
#1 /opt/lampp/htdocs/yii/framework/web/actions/CInlineAction.php(49): CustomerController->actionIndex()
#2 /opt/lampp/htdocs/yii/framework/web/CController.php(308): CInlineAction->runWithParams(Array)
#3 /opt/lampp/htdocs/yii/framework/web/CController.php(286): CController->runAction(Object(CInlineAction))
#4 /opt/lampp/htdocs/yii/framework/web/CController.php(265): CController->runActionWithFilters(Object(CInlineAction), Array)
#5 /opt/lampp/htdocs/yii/framework/web/CWebApplication.php(282): CController->run('')
#6 /opt/lampp/htdocs/yii/framework/web/CWebApplication.php(141): CWebApplication->runController('customer')
#7 /opt/lampp/htdocs/yii/framework/base/CApplication.php(180): CWebApplication->processRequest()
#8 /opt/lampp/htdocs/yiiapp/index.php(13): CApplication->run()
#9 {main}
REQUEST_URI=/index.php/customer
---
2014/01/10 18:09:23 [error] [exception.CException] exception 'CException' with message 'Property "CActiveDataProvider.firstname" is not defined.' in /opt/lampp/htdocs/yii/framework/base/CComponent.php:130
Stack trace:
#0 /opt/lampp/htdocs/yiiapp/protected/controllers/CustomerController.php(9): CComponent->__get('firstname')
#1 /opt/lampp/htdocs/yii/framework/web/actions/CInlineAction.php(49): CustomerController->actionIndex()
#2 /opt/lampp/htdocs/yii/framework/web/CController.php(308): CInlineAction->runWithParams(Array)
#3 /opt/lampp/htdocs/yii/framework/web/CController.php(286): CController->runAction(Object(CInlineAction))
#4 /opt/lampp/htdocs/yii/framework/web/CController.php(265): CController->runActionWithFilters(Object(CInlineAction), Array)
#5 /opt/lampp/htdocs/yii/framework/web/CWebApplication.php(282): CController->run('')
#6 /opt/lampp/htdocs/yii/framework/web/CWebApplication.php(141): CWebApplication->runController('customer')
#7 /opt/lampp/htdocs/yii/framework/base/CApplication.php(180): CWebApplication->processRequest()
#8 /opt/lampp/htdocs/yiiapp/index.php(13): CApplication->run()
#9 {main}
REQUEST_URI=/index.php/customer
---
2014/01/10 18:09:23 [error] [exception.CException] exception 'CException' with message 'Property "CActiveDataProvider.firstname" is not defined.' in /opt/lampp/htdocs/yii/framework/base/CComponent.php:130
Stack trace:
#0 /opt/lampp/htdocs/yiiapp/protected/controllers/CustomerController.php(9): CComponent->__get('firstname')
#1 /opt/lampp/htdocs/yii/framework/web/actions/CInlineAction.php(49): CustomerController->actionIndex()
#2 /opt/lampp/htdocs/yii/framework/web/CController.php(308): CInlineAction->runWithParams(Array)
#3 /opt/lampp/htdocs/yii/framework/web/CController.php(286): CController->runAction(Object(CInlineAction))
#4 /opt/lampp/htdocs/yii/framework/web/CController.php(265): CController->runActionWithFilters(Object(CInlineAction), Array)
#5 /opt/lampp/htdocs/yii/framework/web/CWebApplication.php(282): CController->run('')
#6 /opt/lampp/htdocs/yii/framework/web/CWebApplication.php(141): CWebApplication->runController('customer')
#7 /opt/lampp/htdocs/yii/framework/base/CApplication.php(180): CWebApplication->processRequest()
#8 /opt/lampp/htdocs/yiiapp/index.php(13): CApplication->run()
#9 {main}
REQUEST_URI=/index.php/customer
---
2014/01/10 18:15:28 [error] [system.db.CDbCommand] CDbCommand::fetchAll() failed: SQLSTATE[42S02]: Base table or view not found: 1146 Table 'yiitest.customer' doesn't exist. The SQL statement executed was: SHOW FULL COLUMNS FROM `customer`.
in /opt/lampp/htdocs/yiiapp/protected/models/Customer.php (76)
in /opt/lampp/htdocs/yiiapp/protected/controllers/CustomerController.php (8)
in /opt/lampp/htdocs/yiiapp/index.php (13)
2014/01/10 18:15:28 [error] [exception.CDbException] exception 'CDbException' with message 'The table "customer" for active record class "Customer" cannot be found in the database.' in /opt/lampp/htdocs/yii/framework/db/ar/CActiveRecord.php:2362
Stack trace:
#0 /opt/lampp/htdocs/yii/framework/db/ar/CActiveRecord.php(411): CActiveRecordMetaData->__construct(Object(Customer))
#1 /opt/lampp/htdocs/yii/framework/db/ar/CActiveRecord.php(138): CActiveRecord->getMetaData()
#2 /opt/lampp/htdocs/yiiapp/protected/models/Customer.php(76): CActiveRecord->__get('id')
#3 /opt/lampp/htdocs/yiiapp/protected/controllers/CustomerController.php(8): Customer->search()
#4 /opt/lampp/htdocs/yii/framework/web/actions/CInlineAction.php(49): CustomerController->actionIndex()
#5 /opt/lampp/htdocs/yii/framework/web/CController.php(308): CInlineAction->runWithParams(Array)
#6 /opt/lampp/htdocs/yii/framework/web/CController.php(286): CController->runAction(Object(CInlineAction))
#7 /opt/lampp/htdocs/yii/framework/web/CController.php(265): CController->runActionWithFilters(Object(CInlineAction), Array)
#8 /opt/lampp/htdocs/yii/framework/web/CWebApplication.php(282): CController->run('')
#9 /opt/lampp/htdocs/yii/framework/web/CWebApplication.php(141): CWebApplication->runController('customer')
#10 /opt/lampp/htdocs/yii/framework/base/CApplication.php(180): CWebApplication->processRequest()
#11 /opt/lampp/htdocs/yiiapp/index.php(13): CApplication->run()
#12 {main}
REQUEST_URI=/index.php/customer
---
2014/01/10 18:16:12 [error] [system.db.CDbCommand] CDbCommand::fetchAll() failed: SQLSTATE[42S02]: Base table or view not found: 1146 Table 'yiitest.customer' doesn't exist. The SQL statement executed was: SHOW FULL COLUMNS FROM `customer`.
in /opt/lampp/htdocs/yiiapp/protected/controllers/CustomerController.php (8)
in /opt/lampp/htdocs/yiiapp/index.php (13)
2014/01/10 18:16:12 [error] [exception.CDbException] exception 'CDbException' with message 'The table "customer" for active record class "Customer" cannot be found in the database.' in /opt/lampp/htdocs/yii/framework/db/ar/CActiveRecord.php:2362
Stack trace:
#0 /opt/lampp/htdocs/yii/framework/db/ar/CActiveRecord.php(411): CActiveRecordMetaData->__construct(Object(Customer))
#1 /opt/lampp/htdocs/yii/framework/db/ar/CActiveRecord.php(658): CActiveRecord->getMetaData()
#2 /opt/lampp/htdocs/yii/framework/db/ar/CActiveRecord.php(1485): CActiveRecord->getTableSchema()
#3 /opt/lampp/htdocs/yiiapp/protected/controllers/CustomerController.php(8): CActiveRecord->findByPk(1)
#4 /opt/lampp/htdocs/yii/framework/web/actions/CInlineAction.php(49): CustomerController->actionIndex()
#5 /opt/lampp/htdocs/yii/framework/web/CController.php(308): CInlineAction->runWithParams(Array)
#6 /opt/lampp/htdocs/yii/framework/web/CController.php(286): CController->runAction(Object(CInlineAction))
#7 /opt/lampp/htdocs/yii/framework/web/CController.php(265): CController->runActionWithFilters(Object(CInlineAction), Array)
#8 /opt/lampp/htdocs/yii/framework/web/CWebApplication.php(282): CController->run('')
#9 /opt/lampp/htdocs/yii/framework/web/CWebApplication.php(141): CWebApplication->runController('customer')
#10 /opt/lampp/htdocs/yii/framework/base/CApplication.php(180): CWebApplication->processRequest()
#11 /opt/lampp/htdocs/yiiapp/index.php(13): CApplication->run()
#12 {main}
REQUEST_URI=/index.php/customer
---
2014/01/10 18:16:13 [error] [system.db.CDbCommand] CDbCommand::fetchAll() failed: SQLSTATE[42S02]: Base table or view not found: 1146 Table 'yiitest.customer' doesn't exist. The SQL statement executed was: SHOW FULL COLUMNS FROM `customer`.
in /opt/lampp/htdocs/yiiapp/protected/controllers/CustomerController.php (8)
in /opt/lampp/htdocs/yiiapp/index.php (13)
2014/01/10 18:16:13 [error] [exception.CDbException] exception 'CDbException' with message 'The table "customer" for active record class "Customer" cannot be found in the database.' in /opt/lampp/htdocs/yii/framework/db/ar/CActiveRecord.php:2362
Stack trace:
#0 /opt/lampp/htdocs/yii/framework/db/ar/CActiveRecord.php(411): CActiveRecordMetaData->__construct(Object(Customer))
#1 /opt/lampp/htdocs/yii/framework/db/ar/CActiveRecord.php(658): CActiveRecord->getMetaData()
#2 /opt/lampp/htdocs/yii/framework/db/ar/CActiveRecord.php(1485): CActiveRecord->getTableSchema()
#3 /opt/lampp/htdocs/yiiapp/protected/controllers/CustomerController.php(8): CActiveRecord->findByPk(1)
#4 /opt/lampp/htdocs/yii/framework/web/actions/CInlineAction.php(49): CustomerController->actionIndex()
#5 /opt/lampp/htdocs/yii/framework/web/CController.php(308): CInlineAction->runWithParams(Array)
#6 /opt/lampp/htdocs/yii/framework/web/CController.php(286): CController->runAction(Object(CInlineAction))
#7 /opt/lampp/htdocs/yii/framework/web/CController.php(265): CController->runActionWithFilters(Object(CInlineAction), Array)
#8 /opt/lampp/htdocs/yii/framework/web/CWebApplication.php(282): CController->run('')
#9 /opt/lampp/htdocs/yii/framework/web/CWebApplication.php(141): CWebApplication->runController('customer')
#10 /opt/lampp/htdocs/yii/framework/base/CApplication.php(180): CWebApplication->processRequest()
#11 /opt/lampp/htdocs/yiiapp/index.php(13): CApplication->run()
#12 {main}
REQUEST_URI=/index.php/customer
---
2014/01/10 18:51:40 [error] [php] Trying to get property of non-object (/opt/lampp/htdocs/yiiapp/protected/controllers/CustomerController.php:9)
Stack trace:
#0 /opt/lampp/htdocs/yii/framework/web/CController.php(286): CustomerController->runAction()
#1 /opt/lampp/htdocs/yii/framework/web/CController.php(265): CustomerController->runActionWithFilters()
#2 /opt/lampp/htdocs/yii/framework/web/CWebApplication.php(282): CustomerController->run()
#3 /opt/lampp/htdocs/yii/framework/web/CWebApplication.php(141): CWebApplication->runController()
#4 /opt/lampp/htdocs/yii/framework/base/CApplication.php(180): CWebApplication->processRequest()
#5 /opt/lampp/htdocs/yiiapp/index.php(13): CWebApplication->run()
REQUEST_URI=/index.php/customer
in /opt/lampp/htdocs/yiiapp/protected/controllers/CustomerController.php (9)
in /opt/lampp/htdocs/yiiapp/index.php (13)
